[debug] [2021-12-12T15:36:38.370Z] ----------------------------------------------------------------------
[debug] [2021-12-12T15:36:38.372Z] Command:       C:\Program Files\nodejs\node.exe C:\Users\jd_da\AppData\Roaming\npm\node_modules\firebase-tools\lib\bin\firebase.js init
[debug] [2021-12-12T15:36:38.372Z] CLI Version:   9.23.1
[debug] [2021-12-12T15:36:38.372Z] Platform:      win32
[debug] [2021-12-12T15:36:38.372Z] Node Version:  v16.13.1
[debug] [2021-12-12T15:36:38.374Z] Time:          Sun Dec 12 2021 15:36:38 GMT+0000 (Greenwich Mean Time)
[debug] [2021-12-12T15:36:38.374Z] ----------------------------------------------------------------------
[debug] 
[debug] [2021-12-12T15:36:38.376Z] >>> [apiv2][query] GET https://firebase-public.firebaseio.com/cli.json [none]
[debug] [2021-12-12T15:36:38.395Z] > command requires scopes: ["email","openid","https://www.googleapis.com/auth/cloudplatformprojects.readonly","https://www.googleapis.com/auth/firebase","https://www.googleapis.com/auth/cloud-platform"]
[debug] [2021-12-12T15:36:38.395Z] > authorizing via signed-in user (js.darkld@gmail.com)
[info] 
     ######## #### ########  ######## ########     ###     ######  ########
     ##        ##  ##     ## ##       ##     ##  ##   ##  ##       ##
     ######    ##  ########  ######   ########  #########  ######  ######
     ##        ##  ##    ##  ##       ##     ## ##     ##       ## ##
     ##       #### ##     ## ######## ########  ##     ##  ######  ########

You're about to initialize a Firebase project in this directory:

  D:\githubRepos\portfolio

[debug] [2021-12-12T15:36:39.304Z] <<< [apiv2][status] GET https://firebase-public.firebaseio.com/cli.json 200
[debug] [2021-12-12T15:36:39.304Z] <<< [apiv2][body] GET https://firebase-public.firebaseio.com/cli.json {"cloudBuildErrorAfter":1594252800000,"cloudBuildWarnAfter":1590019200000,"defaultNode10After":1594252800000,"minVersion":"3.0.5","node8DeploysDisabledAfter":1613390400000,"node8RuntimeDisabledAfter":1615809600000,"node8WarnAfter":1600128000000}
